<?xml version="1.0" encoding="UTF-8"?>
<!-- Generated by org.testng.reporters.JUnitXMLReporter -->
<testsuite hostname="DESKTOP-NSU4I27" ignored="1" name="testingsel" tests="2" failures="0" timestamp="2020-05-25T13:48:18 IST" time="8.728" errors="0">
  <testcase name="opengoogle" time="4.143" classname="testNG.SampleTestCase"/>
  <testcase name="pri" time="8.686" classname="testNG.Mypro"/>
  <testcase name="bing" time="0.0" classname="testNG.SampleTestCase">
    <ignored/>
  </testcase> <!-- bing -->
</testsuite> <!-- testingsel -->
